d:\dx12engine\pipiengine\pipiengine\debug\vc142.pdb
d:\dx12engine\pipiengine\pipiengine\debug\vc142.idb
d:\dx12engine\pipiengine\pipiengine\debug\matrix_2x2.obj
d:\dx12engine\pipiengine\pipiengine\debug\math_utils.obj
d:\dx12engine\pipiengine\pipiengine\debug\simple_image.obj
d:\dx12engine\pipiengine\pipiengine\debug\simple_image_bmp.obj
d:\dx12engine\pipiengine\pipiengine\debug\simple_object.obj
d:\dx12engine\pipiengine\pipiengine\debug\simple_net_type.obj
d:\dx12engine\pipiengine\pipiengine\debug\simple_net_drive_udp.obj
d:\dx12engine\pipiengine\pipiengine\debug\simple_net_drive_tcp.obj
d:\dx12engine\pipiengine\pipiengine\debug\simple_net_drive.obj
d:\dx12engine\pipiengine\pipiengine\debug\simple_connetion_udp.obj
d:\dx12engine\pipiengine\pipiengine\debug\simple_connetion_tcp.obj
d:\dx12engine\pipiengine\pipiengine\debug\simple_connetion.obj
d:\dx12engine\pipiengine\pipiengine\debug\simple_channel.obj
d:\dx12engine\pipiengine\pipiengine\debug\simple_io_stream.obj
d:\dx12engine\pipiengine\pipiengine\debug\windowsmessageprocessing.obj
d:\dx12engine\pipiengine\pipiengine\debug\windowsengine.obj
d:\dx12engine\pipiengine\pipiengine\debug\pipiengine.obj
d:\dx12engine\pipiengine\pipiengine\debug\enginefactory.obj
d:\dx12engine\pipiengine\pipiengine\debug\winmaincommandparameters.obj
d:\dx12engine\pipiengine\pipiengine\debug\engine.obj
d:\dx12engine\pipiengine\pipiengine\debug\vector_color.obj
d:\dx12engine\pipiengine\pipiengine\debug\vector_4id.obj
d:\dx12engine\pipiengine\pipiengine\debug\vector_4d.obj
d:\dx12engine\pipiengine\pipiengine\debug\vector_3id.obj
d:\dx12engine\pipiengine\pipiengine\debug\vector_3d.obj
d:\dx12engine\pipiengine\pipiengine\debug\vector_2id.obj
d:\dx12engine\pipiengine\pipiengine\debug\vector_2d.obj
d:\dx12engine\pipiengine\pipiengine\debug\triangle.obj
d:\dx12engine\pipiengine\pipiengine\debug\line.obj
d:\dx12engine\pipiengine\pipiengine\debug\matrix_4x4.obj
d:\dx12engine\pipiengine\pipiengine\debug\matrix_3x3.obj
d:\dx12engine\pipiengine\pipiengine\debug\simple_math.obj
d:\dx12engine\pipiengine\pipiengine\debug\simple_c_log.obj
d:\dx12engine\pipiengine\pipiengine\debug\simple_c_windows_setting.obj
d:\dx12engine\pipiengine\pipiengine\debug\simple_c_windows_register.obj
d:\dx12engine\pipiengine\pipiengine\debug\simple_c_time.obj
d:\dx12engine\pipiengine\pipiengine\debug\simple_c_locale_list.obj
d:\dx12engine\pipiengine\pipiengine\debug\simple_c_path.obj
d:\dx12engine\pipiengine\pipiengine\debug\simple_file_helper.obj
d:\dx12engine\pipiengine\pipiengine\debug\simple_guid.obj
d:\dx12engine\pipiengine\pipiengine\debug\string_algorithm.obj
d:\dx12engine\pipiengine\pipiengine\debug\simple_c_array_string.obj
d:\dx12engine\pipiengine\pipiengine\debug\tinyxmlparser.obj
d:\dx12engine\pipiengine\pipiengine\debug\tinyxmlerror.obj
d:\dx12engine\pipiengine\pipiengine\debug\tinyxml.obj
d:\dx12engine\pipiengine\pipiengine\debug\tinystr.obj
d:\dx12engine\pipiengine\debug\pipiengine.exe
d:\dx12engine\pipiengine\pipiengine\debug\pipiengine.ilk
d:\dx12engine\pipiengine\debug\pipiengine.pdb
d:\dx12engine\pipiengine\pipiengine\debug\pipiengine.tlog\cl.command.1.tlog
d:\dx12engine\pipiengine\pipiengine\debug\pipiengine.tlog\cl.read.1.tlog
d:\dx12engine\pipiengine\pipiengine\debug\pipiengine.tlog\cl.write.1.tlog
d:\dx12engine\pipiengine\pipiengine\debug\pipiengine.tlog\link.command.1.tlog
d:\dx12engine\pipiengine\pipiengine\debug\pipiengine.tlog\link.read.1.tlog
d:\dx12engine\pipiengine\pipiengine\debug\pipiengine.tlog\link.write.1.tlog
